<?xml version="1.0" encoding="UTF-8"?>
<robot generator="Robot 7.0 (Python 3.11.7 on win32)" generated="2024-02-24T21:54:27.059842" rpa="false" schemaversion="5">
<suite id="s1" name="Labb-1" source="C:\Users\samra\OneDrive\Desktop\Lab-1\Automatiserad-testning-Labb-1\Labb-1.robot">
<test id="s1-t1" name="Invalid date" line="44">
<kw name="Given The user is at home page" owner="Resources">
<kw name="Open Browser" owner="SeleniumLibrary">
<msg time="2024-02-24T21:54:27.876328" level="INFO">Opening browser 'chrome' to base url 'None'.</msg>
<arg>browser=chrome</arg>
<doc>Opens a new browser instance to the optional ``url``.</doc>
<status status="PASS" start="2024-02-24T21:54:27.875328" elapsed="3.534747"/>
</kw>
<kw name="Go To" owner="SeleniumLibrary">
<msg time="2024-02-24T21:54:31.412074" level="INFO">Opening url 'https://rental17.infotiv.net/'</msg>
<arg>${URL}</arg>
<doc>Navigates the current browser window to the provided ``url``.</doc>
<status status="PASS" start="2024-02-24T21:54:31.411074" elapsed="0.345005"/>
</kw>
<kw name="Wait Until Element Is Visible" owner="SeleniumLibrary">
<arg>//h1[@id='questionText']</arg>
<doc>Waits until the element ``locator`` is visible.</doc>
<status status="PASS" start="2024-02-24T21:54:31.756079" elapsed="0.192889"/>
</kw>
<tag>create user, VG_test</tag>
<doc>Navigating the create user page</doc>
<status status="PASS" start="2024-02-24T21:54:27.875328" elapsed="4.073640"/>
</kw>
<kw name="And The user sign in with her credential" owner="Resources">
<kw name="Input Text" owner="SeleniumLibrary">
<msg time="2024-02-24T21:54:31.950966" level="INFO">Typing text 'sam123@gmail.com' into text field '//input[@id='email']'.</msg>
<arg>//input[@id='email']</arg>
<arg>${userName}</arg>
<doc>Types the given ``text`` into the text field identified by ``locator``.</doc>
<status status="PASS" start="2024-02-24T21:54:31.950966" elapsed="0.186894"/>
</kw>
<kw name="Input Password" owner="SeleniumLibrary">
<msg time="2024-02-24T21:54:32.138859" level="INFO">Typing password into text field '//input[@id='password']'.</msg>
<msg time="2024-02-24T21:54:32.189830" level="INFO">Temporally setting log level to: NONE</msg>
<arg>//input[@id='password']</arg>
<arg>${password}</arg>
<doc>Types the given password into the text field identified by ``locator``.</doc>
<status status="PASS" start="2024-02-24T21:54:32.137860" elapsed="0.131929"/>
</kw>
<kw name="Click Button" owner="SeleniumLibrary">
<msg time="2024-02-24T21:54:32.270784" level="INFO">Clicking button '//button[@id='login']'.</msg>
<arg>//button[@id='login']</arg>
<doc>Clicks the button identified by ``locator``.</doc>
<status status="PASS" start="2024-02-24T21:54:32.269789" elapsed="0.290830"/>
</kw>
<arg>${email}</arg>
<arg>${password}</arg>
<tag>Log in</tag>
<tag>VG_test</tag>
<doc>Entering users credential</doc>
<status status="PASS" start="2024-02-24T21:54:31.949967" elapsed="0.610652"/>
</kw>
<kw name="When The User Tries To Choose A Date That Is In The Past" owner="Resources">
<kw name="Input Text" owner="SeleniumLibrary">
<msg time="2024-02-24T21:54:32.566616" level="INFO">Typing text '2024-02-18' into text field '(//input[@id='start'])[1]'.</msg>
<arg>(//input[@id='start'])[1]</arg>
<arg>2024-02-18</arg>
<doc>Types the given ``text`` into the text field identified by ``locator``.</doc>
<status status="PASS" start="2024-02-24T21:54:32.564617" elapsed="0.156910"/>
</kw>
<kw name="Input Text" owner="SeleniumLibrary">
<msg time="2024-02-24T21:54:32.722528" level="INFO">Typing text '2024-02-19' into text field '(//input[@id='end'])[1]'.</msg>
<arg>(//input[@id='end'])[1]</arg>
<arg>2024-02-19</arg>
<doc>Types the given ``text`` into the text field identified by ``locator``.</doc>
<status status="PASS" start="2024-02-24T21:54:32.722528" elapsed="0.119935"/>
</kw>
<tag>Negative test</tag>
<tag>VG_test</tag>
<doc>verify only allowed dates accepted</doc>
<status status="PASS" start="2024-02-24T21:54:32.561619" elapsed="0.280844"/>
</kw>
<kw name="Then The User Get Alert Info About The Earliest Allowed Date That She Can Choose" owner="Resources">
<kw name="Click Button" owner="SeleniumLibrary">
<msg time="2024-02-24T21:54:32.843474" level="INFO">Clicking button '//button[@id='continue']'.</msg>
<arg>//button[@id='continue']</arg>
<doc>Clicks the button identified by ``locator``.</doc>
<status status="PASS" start="2024-02-24T21:54:32.843474" elapsed="0.123916"/>
</kw>
<kw name="Wait Until Element Is Visible" owner="SeleniumLibrary">
<arg>//h1[@id="questionText"]</arg>
<doc>Waits until the element ``locator`` is visible.</doc>
<status status="PASS" start="2024-02-24T21:54:32.967390" elapsed="0.044970"/>
</kw>
<kw name="Close Browser" owner="SeleniumLibrary">
<doc>Closes the current browser.</doc>
<status status="PASS" start="2024-02-24T21:54:33.012360" elapsed="2.806438"/>
</kw>
<tag>Negative test</tag>
<tag>VG_test</tag>
<doc>verify only allowed dates accepted</doc>
<status status="PASS" start="2024-02-24T21:54:32.843474" elapsed="2.975324"/>
</kw>
<status status="PASS" start="2024-02-24T21:54:27.873329" elapsed="7.946466"/>
</test>
<status status="PASS" start="2024-02-24T21:54:27.063839" elapsed="8.757922"/>
</suite>
<statistics>
<total>
<stat pass="1" fail="0" skip="0">All Tests</stat>
</total>
<tag>
</tag>
<suite>
<stat pass="1" fail="0" skip="0" id="s1" name="Labb-1">Labb-1</stat>
</suite>
</statistics>
<errors>
</errors>
</robot>
